<?xml version="1.0" encoding="UTF-8"?>
<testsuite name="EngineTest" tests="1" skipped="0" failures="0" errors="0" timestamp="2019-02-17T08:47:22" hostname="DESKTOP-32H74RC" time="0.042">
  <properties/>
  <testcase name="itWorks()" classname="EngineTest" time="0.042"/>
  <system-out><![CDATA[]]></system-out>
  <system-err><![CDATA[]]></system-err>
</testsuite>
